Arguments: 
  /opt/homebrew/Cellar/node/17.0.1/bin/node /opt/homebrew/bin/yarn add @rowsncolumns/spreadsheet

PATH: 
  /opt/homebrew/bin:/opt/homebrew/sbin:/Library/Frameworks/Python.framework/Versions/3.10/bin:/usr/local/bin:/usr/bin:/bin:/usr/sbin:/sbin:/Users/connorpepin/opt/anaconda3/bin:/Users/connorpepin/opt/anaconda3/condabin:/opt/homebrew/bin:/opt/homebrew/sbin:/Library/Frameworks/Python.framework/Versions/3.10/bin

Yarn version: 
  1.22.17

Node version: 
  17.0.1

Platform: 
  darwin arm64

Trace: 
  Error: https://registry.yarnpkg.com/@rowsncolumns%2fspreadsheet: Not found
      at Request.params.callback [as _callback] (/opt/homebrew/lib/node_modules/yarn/lib/cli.js:67029:18)
      at Request.self.callback (/opt/homebrew/lib/node_modules/yarn/lib/cli.js:140883:22)
      at Request.emit (node:events:390:28)
      at Request.<anonymous> (/opt/homebrew/lib/node_modules/yarn/lib/cli.js:141855:10)
      at Request.emit (node:events:390:28)
      at IncomingMessage.<anonymous> (/opt/homebrew/lib/node_modules/yarn/lib/cli.js:141777:12)
      at Object.onceWrapper (node:events:509:28)
      at IncomingMessage.emit (node:events:402:35)
      at endReadableNT (node:internal/streams/readable:1340:12)
      at processTicksAndRejections (node:internal/process/task_queues:83:21)

npm manifest: 
  {
    "peerDependencies": {
      "react-dom": ">=17.0.2"
    },
    "dependencies": {
      "@syncfusion/ej2-react-spreadsheet": "^19.4.40",
      "bootstrap": "^5.1.3",
      "cors": "^2.8.5",
      "dotenv": "^10.0.0",
      "express": "^4.17.2",
      "hot-formula-parser": "^4.0.0",
      "hyperformula": "^1.3.0",
      "igniteui-react-core": "^16.15.0",
      "igniteui-react-excel": "^16.15.0",
      "igniteui-react-spreadsheet": "^16.15.0",
      "jquery": "^3.6.0",
      "jsonwebtoken": "^8.5.1",
      "mathjs": "^10.0.2",
      "mongoose": "^6.0.13",
      "objects-to-csv": "^1.3.6",
      "react": "^17.0.2",
      "react-datasheet": "^1.4.9",
      "react-spreadsheet": "^0.6.1",
      "scheduler": "^0.20.2"
    },
    "scripts": {
      "start": "node server.js",
      "heroku-postbuild": "cd client && npm install --only=dev && npm install && npm run build"
    },
    "engines": {
      "node": "17.0.1",
      "npm": "8.0.1"
    },
    "devDependencies": {
      "gh-pages": "^3.2.3"
    }
  }

yarn manifest: 
  No manifest

Lockfile: 
  No lockfile
